<?xml version="1.0" encoding="UTF-8"?>
<robot generator="Robot 7.0 (Python 3.12.1 on win32)" generated="2024-01-25T05:07:11.835240" rpa="false" schemaversion="5">
<suite id="s1" name="TC1110 Run Keyword" source="C:\Users\samgaur\Robot Framework Projects\My First Project\TestCases\TC1110_Run Keyword.robot">
<test id="s1-t1" name="TC_001 Run Variable Test" line="9">
<kw name="Set Variable" owner="BuiltIn">
<msg time="2024-01-25T05:07:12.293573" level="INFO">${var1} = log to console</msg>
<var>${var1}</var>
<arg>log to console</arg>
<doc>Returns the given values which can then be assigned to a variables.</doc>
<status status="PASS" start="2024-01-25T05:07:12.293573" elapsed="0.000000"/>
</kw>
<kw name="Run Keyword" owner="BuiltIn">
<kw name="Log To Console" owner="BuiltIn">
<arg>test@gmail.com</arg>
<doc>Logs the given message to the console.</doc>
<status status="PASS" start="2024-01-25T05:07:12.294573" elapsed="0.000000"/>
</kw>
<arg>${var1}</arg>
<arg>test@gmail.com</arg>
<doc>Executes the given keyword with the given arguments.</doc>
<status status="PASS" start="2024-01-25T05:07:12.294573" elapsed="0.001012"/>
</kw>
<status status="PASS" start="2024-01-25T05:07:12.292572" elapsed="0.003013"/>
</test>
<test id="s1-t2" name="TC_002 Run If Variable Test" line="13">
<kw name="Set Variable" owner="BuiltIn">
<msg time="2024-01-25T05:07:12.296576" level="INFO">${var2} = NO</msg>
<var>${var2}</var>
<arg>NO</arg>
<doc>Returns the given values which can then be assigned to a variables.</doc>
<status status="PASS" start="2024-01-25T05:07:12.296576" elapsed="0.000000"/>
</kw>
<kw name="Run Keyword If" owner="BuiltIn">
<arg>'${var2}'=='YES'</arg>
<arg>Log To Console</arg>
<arg>Value Found</arg>
<doc>Runs the given keyword with the given arguments, if ``condition`` is true.</doc>
<status status="PASS" start="2024-01-25T05:07:12.296576" elapsed="0.000000"/>
</kw>
<kw name="Run Keyword If" owner="BuiltIn">
<kw name="Log To Console" owner="BuiltIn">
<arg>Value not found</arg>
<doc>Logs the given message to the console.</doc>
<status status="PASS" start="2024-01-25T05:07:12.297572" elapsed="0.000000"/>
</kw>
<arg>'${var2}'=='NO'</arg>
<arg>Log To Console</arg>
<arg>Value not found</arg>
<doc>Runs the given keyword with the given arguments, if ``condition`` is true.</doc>
<status status="PASS" start="2024-01-25T05:07:12.297572" elapsed="0.000000"/>
</kw>
<status status="PASS" start="2024-01-25T05:07:12.295585" elapsed="0.001987"/>
</test>
<status status="PASS" start="2024-01-25T05:07:11.838241" elapsed="0.460342"/>
</suite>
<statistics>
<total>
<stat pass="2" fail="0" skip="0">All Tests</stat>
</total>
<tag>
</tag>
<suite>
<stat pass="2" fail="0" skip="0" id="s1" name="TC1110 Run Keyword">TC1110 Run Keyword</stat>
</suite>
</statistics>
<errors>
</errors>
</robot>
