<?xml version="1.0" encoding="UTF-8"?>
<robot generator="Robot 7.0 (Python 3.12.1 on win32)" generated="2024-01-26T18:02:27.042760" rpa="false" schemaversion="5">
<suite id="s1" name="ValidationsPageShould and notcontains" source="C:\Users\samgaur\Robot Framework Projects\My First Project\TestCases\ValidationsPageShould_and_notcontains.robot">
<test id="s1-t1" name="Pageshouldcontains_TestCase" line="10">
<kw name="Open Browser" owner="SeleniumLibrary">
<msg time="2024-01-26T18:02:27.474212" level="INFO">Opening browser 'Chrome' to base url 'https://ultimateqa.com/'.</msg>
<arg>${URL}</arg>
<arg>${Browser}</arg>
<doc>Opens a new browser instance to the optional ``url``.</doc>
<status status="PASS" start="2024-01-26T18:02:27.474212" elapsed="17.706113"/>
</kw>
<kw name="Page Should Contain" owner="SeleniumLibrary">
<msg time="2024-01-26T18:02:45.197325" level="INFO">Current page contains text 'Push Higher Quality Software To Market Faster'.</msg>
<arg>Push Higher Quality Software To Market Faster</arg>
<doc>Verifies that current page contains ``text``.</doc>
<status status="PASS" start="2024-01-26T18:02:45.181326" elapsed="0.016996"/>
</kw>
<status status="PASS" start="2024-01-26T18:02:27.472211" elapsed="17.726111"/>
</test>
<status status="PASS" start="2024-01-26T18:02:27.045762" elapsed="18.153559"/>
</suite>
<statistics>
<total>
<stat pass="1" fail="0" skip="0">All Tests</stat>
</total>
<tag>
</tag>
<suite>
<stat pass="1" fail="0" skip="0" id="s1" name="ValidationsPageShould and notcontains">ValidationsPageShould and notcontains</stat>
</suite>
</statistics>
<errors>
</errors>
</robot>
